\BOOKMARK [1][-]{section.1}{\376\377\173\054\116\000\172\340\000:\000\040\123\213\122\233\155\113\221\317\152\041\127\127}{}% 1
\BOOKMARK [2][-]{subsection.1.1}{\376\377\203\267\137\227\172\172\171\344\145\366\166\204\000A\000D\000\137\000S\000u\000r\000f\000a\000c\000e\120\074}{section.1}% 2
\BOOKMARK [3][-]{subsubsection.1.1.1}{\376\377\000S\000u\000r\000f\000a\000c\000e\000.\000i\000n\000o}{subsection.1.1}% 3
\BOOKMARK [2][-]{subsection.1.2}{\376\377\203\267\137\227\162\151\117\123\171\360\221\315\176\323\147\234}{section.1}% 4
\BOOKMARK [3][-]{subsubsection.1.2.1}{\376\377\000P\000r\000e\000s\000s\000u\000r\000e\000S\000e\000n\000s\000o\000r\000.\000i\000n\000o}{subsection.1.2}% 5
\BOOKMARK [2][-]{subsection.1.3}{\376\377\171\360\221\315\176\323\147\234\123\357\211\306\123\026}{section.1}% 6
\BOOKMARK [3][-]{subsubsection.1.3.1}{\376\377\000D\000r\000a\000w\000.\000i\000n\000o}{subsection.1.3}% 7
\BOOKMARK [2][-]{subsection.1.4}{\376\377\136\070\165\050\121\375\145\160\000H\000X\0007\0001\0001\000\137\000R\000e\000a\000d\000\050\000p\000a\000r\000t\000\040\0001\000\051}{section.1}% 8
\BOOKMARK [2][-]{subsection.1.5}{\376\377\136\070\165\050\121\375\145\160\000H\000X\0007\0001\0001\000\137\000R\000e\000a\000d\000\050\000p\000a\000r\000t\000\040\0002\000\051}{section.1}% 9
\BOOKMARK [1][-]{section.2}{\376\377\173\054\116\214\172\340\000:\000\040\173\111\137\205\150\041\121\306\166\204\171\344}{}% 10
\BOOKMARK [2][-]{subsection.2.1}{\376\377\000C\000a\000l\000i\000b\000r\000a\000t\000e\000.\000i\000n\000o}{section.2}% 11
\BOOKMARK [1][-]{section.3}{\376\377\173\054\116\011\172\340\000:\000\040\146\076\171\072\134\117}{}% 12
\BOOKMARK [2][-]{subsection.3.1}{\376\377\000O\000l\000e\000d\174\173\166\204\130\360\146\016}{section.3}% 13
\BOOKMARK [2][-]{subsection.3.2}{\376\377\000D\000I\000S\000P\000L\000A\000Y\000.\000i\000n\000o}{section.3}% 14
\BOOKMARK [1][-]{section.4}{\376\377\173\054\126\333\172\340\000:\000\040\000I\0002\000C\220\032\117\341}{}% 15
\BOOKMARK [2][-]{subsection.4.1}{\376\377\121\306\131\007\123\321\220\001\166\204\155\210\140\157}{section.4}% 16
\BOOKMARK [3][-]{subsubsection.4.1.1}{\376\377\000t\000r\000a\000n\000s\000f\000o\000r\000m\174\173\166\204\130\360\146\016}{subsection.4.1}% 17
\BOOKMARK [3][-]{subsubsection.4.1.2}{\376\377\000p\000a\000c\000k\121\375\145\160\124\214\000u\000n\000p\000a\000c\000k\121\375\145\160}{subsection.4.1}% 18
\BOOKMARK [3][-]{subsubsection.4.1.3}{\376\377\000t\000r\000a\000n\000s\000f\000o\000r\000m\000.\000i\000n\000o}{subsection.4.1}% 19
\BOOKMARK [2][-]{subsection.4.2}{\376\377\123\321\220\001\142\123\123\005\124\016\166\204\145\160\143\156}{section.4}% 20
\BOOKMARK [3][-]{subsubsection.4.2.1}{\376\377\000m\000a\000s\000t\000e\000r\174\173\166\204\130\360\146\016}{subsection.4.2}% 21
\BOOKMARK [3][-]{subsubsection.4.2.2}{\376\377\000m\000a\000s\000t\000e\000r\000.\000i\000n\000o}{subsection.4.2}% 22
\BOOKMARK [3][-]{subsubsection.4.2.3}{\376\377\000s\000l\000a\000v\000e\174\173\166\204\130\360\146\016}{subsection.4.2}% 23
\BOOKMARK [3][-]{subsubsection.4.2.4}{\376\377\000s\000l\000a\000v\000e\000.\000i\000n\000o}{subsection.4.2}% 24
\BOOKMARK [2][-]{subsection.4.3}{\376\377\116\012\117\115\147\072\133\371\000I\0002\000C\145\160\143\156\166\204\213\373\123\326}{section.4}% 25
\BOOKMARK [2][-]{subsection.4.4}{\376\377\232\161\122\250\131\032\215\357\000O\000L\000E\000D}{section.4}% 26
\BOOKMARK [3][-]{subsubsection.4.4.1}{\376\377\000T\000C\000A\0009\0005\0004\0008\000A}{subsection.4.4}% 27
\BOOKMARK [3][-]{subsubsection.4.4.2}{\376\377\000T\000C\000A\0009\0005\0004\0008\000A\000.\000i\000n\000o}{subsection.4.4}% 28
\BOOKMARK [3][-]{subsubsection.4.4.3}{\376\377\116\000\134\102\215\047\147\266\171\072\141\017\126\376}{subsection.4.4}% 29
\BOOKMARK [3][-]{subsubsection.4.4.4}{\376\377\000M\000O\000S}{subsection.4.4}% 30
\BOOKMARK [3][-]{subsubsection.4.4.5}{\376\377\000M\000O\000S\000.\000i\000n\000o}{subsection.4.4}% 31
\BOOKMARK [1][-]{section.5}{\376\377\173\054\116\224\172\340\000:\000\040\134\004\230\221\213\306\122\053\142\200\147\057\000\050\000R\000F\000I\000D\000-\000R\000C\0005\0002\0002\000\051}{}% 32
\BOOKMARK [2][-]{subsection.5.1}{\376\377\000R\000C\0005\0002\0002\174\173\166\204\130\360\146\016}{section.5}% 33
\BOOKMARK [2][-]{subsection.5.2}{\376\377\213\373\123\141\152\041\137\017}{section.5}% 34
\BOOKMARK [2][-]{subsection.5.3}{\376\377\121\231\123\141\152\041\137\017}{section.5}% 35
\BOOKMARK [2][-]{subsection.5.4}{\376\377\000R\000C\0005\0002\0002\000.\000i\000n\000o}{section.5}% 36
\BOOKMARK [1][-]{section.6}{\376\377\173\054\121\155\172\340\000:\000\040\215\205\232\330\230\221\000U\000H\000F\000\137\000R\0005\0000\0005}{}% 37
\BOOKMARK [2][-]{subsection.6.1}{\376\377\000R\000C\0005\0000\0005\174\173\166\204\130\360\146\016}{section.6}% 38
\BOOKMARK [2][-]{subsection.6.2}{\376\377\000R\000C\0005\0000\0005\000.\000i\000n\000o}{section.6}% 39
\BOOKMARK [1][-]{section.7}{\376\377\173\054\116\003\172\340\000:\000\040\220\350\177\162}{}% 40
\BOOKMARK [2][-]{subsection.7.1}{\376\377\171\344\166\204\176\304\210\305}{section.7}% 41
\BOOKMARK [2][-]{subsection.7.2}{\376\377\116\012\117\040\172\013\136\217}{section.7}% 42
\BOOKMARK [2][-]{subsection.7.3}{\376\377\215\047\147\266\136\003\176\277}{section.7}% 43
\BOOKMARK [2][-]{subsection.7.4}{\376\377\211\346\144\170\134\117\146\076\171\072}{section.7}% 44
